<?xml version="1.0" encoding="UTF-8"?>
<coverage generated="1610624522317" clover="3.2.0">
  <project timestamp="1610624522318" name="All files">
    <metrics statements="93" coveredstatements="0" conditionals="24" coveredconditionals="0" methods="12" coveredmethods="0" elements="129" coveredelements="0" complexity="0" loc="93" ncloc="93" packages="1" files="1" classes="1"/>
    <file name="podcasts.service.ts" path="G:\projects\nest.test\src\podcast\podcasts.service.ts">
      <metrics statements="93" coveredstatements="0" conditionals="24" coveredconditionals="0" methods="12" coveredmethods="0"/>
      <line num="1" count="0" type="stmt"/>
      <line num="12" count="0" type="stmt"/>
      <line num="13" count="0" type="stmt"/>
      <line num="22" count="0" type="stmt"/>
      <line num="23" count="0" type="stmt"/>
      <line num="26" count="0" type="stmt"/>
      <line num="29" count="0" type="stmt"/>
      <line num="31" count="0" type="stmt"/>
      <line num="34" count="0" type="stmt"/>
      <line num="40" count="0" type="stmt"/>
      <line num="41" count="0" type="stmt"/>
      <line num="42" count="0" type="stmt"/>
      <line num="47" count="0" type="stmt"/>
      <line num="48" count="0" type="stmt"/>
      <line num="56" count="0" type="stmt"/>
      <line num="57" count="0" type="stmt"/>
      <line num="58" count="0" type="stmt"/>
      <line num="59" count="0" type="stmt"/>
      <line num="64" count="0" type="stmt"/>
      <line num="65" count="0" type="stmt"/>
      <line num="70" count="0" type="stmt"/>
      <line num="71" count="0" type="stmt"/>
      <line num="75" count="0" type="cond" truecount="0" falsecount="2"/>
      <line num="76" count="0" type="stmt"/>
      <line num="81" count="0" type="stmt"/>
      <line num="86" count="0" type="stmt"/>
      <line num="87" count="0" type="stmt"/>
      <line num="92" count="0" type="stmt"/>
      <line num="93" count="0" type="stmt"/>
      <line num="94" count="0" type="cond" truecount="0" falsecount="2"/>
      <line num="95" count="0" type="stmt"/>
      <line num="97" count="0" type="stmt"/>
      <line num="98" count="0" type="stmt"/>
      <line num="100" count="0" type="stmt"/>
      <line num="101" count="0" type="stmt"/>
      <line num="109" count="0" type="stmt"/>
      <line num="110" count="0" type="stmt"/>
      <line num="111" count="0" type="cond" truecount="0" falsecount="2"/>
      <line num="112" count="0" type="stmt"/>
      <line num="114" count="0" type="cond" truecount="0" falsecount="2"/>
      <line num="115" count="0" type="cond" truecount="0" falsecount="4"/>
      <line num="116" count="0" type="stmt"/>
      <line num="122" count="0" type="stmt"/>
      <line num="123" count="0" type="stmt"/>
      <line num="124" count="0" type="stmt"/>
      <line num="126" count="0" type="stmt"/>
      <line num="127" count="0" type="stmt"/>
      <line num="132" count="0" type="stmt"/>
      <line num="133" count="0" type="stmt"/>
      <line num="134" count="0" type="cond" truecount="0" falsecount="2"/>
      <line num="135" count="0" type="stmt"/>
      <line num="137" count="0" type="stmt"/>
      <line num="142" count="0" type="stmt"/>
      <line num="143" count="0" type="stmt"/>
      <line num="151" count="0" type="stmt"/>
      <line num="152" count="0" type="stmt"/>
      <line num="153" count="0" type="cond" truecount="0" falsecount="2"/>
      <line num="154" count="0" type="stmt"/>
      <line num="156" count="0" type="stmt"/>
      <line num="157" count="0" type="cond" truecount="0" falsecount="2"/>
      <line num="158" count="0" type="stmt"/>
      <line num="163" count="0" type="stmt"/>
      <line num="168" count="0" type="stmt"/>
      <line num="169" count="0" type="stmt"/>
      <line num="178" count="0" type="stmt"/>
      <line num="179" count="0" type="stmt"/>
      <line num="180" count="0" type="cond" truecount="0" falsecount="2"/>
      <line num="181" count="0" type="stmt"/>
      <line num="183" count="0" type="stmt"/>
      <line num="184" count="0" type="stmt"/>
      <line num="185" count="0" type="stmt"/>
      <line num="186" count="0" type="stmt"/>
      <line num="191" count="0" type="stmt"/>
      <line num="192" count="0" type="stmt"/>
      <line num="200" count="0" type="stmt"/>
      <line num="201" count="0" type="stmt"/>
      <line num="205" count="0" type="cond" truecount="0" falsecount="2"/>
      <line num="206" count="0" type="stmt"/>
      <line num="208" count="0" type="stmt"/>
      <line num="209" count="0" type="stmt"/>
      <line num="211" count="0" type="stmt"/>
      <line num="212" count="0" type="stmt"/>
      <line num="218" count="0" type="stmt"/>
      <line num="219" count="0" type="stmt"/>
      <line num="221" count="0" type="stmt"/>
      <line num="222" count="0" type="stmt"/>
      <line num="226" count="0" type="cond" truecount="0" falsecount="2"/>
      <line num="227" count="0" type="stmt"/>
      <line num="229" count="0" type="stmt"/>
      <line num="230" count="0" type="stmt"/>
      <line num="231" count="0" type="stmt"/>
      <line num="233" count="0" type="stmt"/>
      <line num="234" count="0" type="stmt"/>
    </file>
  </project>
</coverage>
